<?xml version="1.0" encoding="UTF-8"?>
<!-- Generated by org.testng.reporters.JUnitReportReporter -->
<testsuite hostname="LAPTOP-VL9CAV32" failures="0" tests="1" name="logintest.page5" time="9.061" errors="0" timestamp="2024-12-25T13:11:33 IST" skipped="0">
  <testcase classname="logintest.page5" name="mainpage" time="9.061"/>
</testsuite> <!-- logintest.page5 -->
